<?xml version="1.0" encoding="UTF-8"?>
<testng-results skipped="0" failed="0" total="1" passed="1">
  <reporter-output>
  </reporter-output>
  <suite name="Default suite" duration-ms="33101" started-at="2018-12-12T20:00:28Z" finished-at="2018-12-12T20:01:01Z">
    <groups>
    </groups>
    <test name="Default test" duration-ms="33101" started-at="2018-12-12T20:00:28Z" finished-at="2018-12-12T20:01:01Z">
      <class name="OpeningBrowser">
        <test-method status="PASS" signature="testBrowser()[pri:0, instance:OpeningBrowser@5c7fa833]" name="testBrowser" duration-ms="33081" started-at="2018-12-12T12:00:28Z" finished-at="2018-12-12T12:01:01Z">
          <reporter-output>
          </reporter-output>
        </test-method> <!-- testBrowser -->
      </class> <!-- OpeningBrowser -->
    </test> <!-- Default test -->
  </suite> <!-- Default suite -->
</testng-results>
